# stats: dump at 1509526352
stats: users 1 3
stats: {load,"tsung_controller@tsung"} 1 0.37109375 0 0.37109375 0.37109375 0 0
stats: {freemem,"tsung_controller@tsung"} 1 62089.3203125 0 62089.3203125 62089.3203125 0 0
stats: {cpu,"tsung_controller@tsung"} 1 1.7015896305103366 0 1.7015896305103366 1.7015896305103366 0 0
stats: session 7 594.1475714285714 1.4509541547490916 595.97 591.351 0 0
stats: users_count 8 8
stats: finish_users_count 7 7
stats: connect 7 296.9867142857143 1.288504195268488 298.325 294.913 0 0
stats: request 7 591.5632857142857 1.4660989748586577 593.569 589.386 0 0
stats: 302 7 7
stats: page 7 591.5632857142857 1.4660989748586577 593.569 589.386 0 0
stats: size_rcv 3031 3031
stats: size_sent 1050 1050
stats: connected 0 0
# stats: dump at 1509526362
stats: users 0 3
stats: {load,"tsung_controller@tsung"} 1 0.30859375 0.0 0.37109375 0.30859375 0.37109375 1
stats: {freemem,"tsung_controller@tsung"} 1 62089.2734375 0.0 62089.3203125 62089.2734375 62089.3203125 1
stats: {cpu,"tsung_controller@tsung"} 1 1.8392542202066011 0.0 1.8392542202066011 1.7015896305103366 1.7015896305103366 1
stats: session 5 593.5372 0.8125905241879736 595.97 591.351 594.1475714285714 7
stats: users_count 4 12
stats: finish_users_count 5 12
stats: request 4 591.3547500000001 0.8840207506048386 593.569 589.386 591.5632857142857 7
stats: connect 5 296.9708 0.9785443066105999 298.325 294.913 296.9867142857143 7
stats: page 4 591.3547500000001 0.8840207506048386 593.569 589.386 591.5632857142857 7
stats: 302 4 11
stats: size_rcv 1732 4763
stats: size_sent 758 1808
stats: connected 1 1
# stats: dump at 1509526372
stats: users 0 3
stats: {load,"tsung_controller@tsung"} 1 0.26953125 0.0 0.37109375 0.26953125 0.33984375 2
stats: {freemem,"tsung_controller@tsung"} 1 62089.1171875 0.0 62089.3203125 62089.1171875 62089.296875 2
stats: {cpu,"tsung_controller@tsung"} 1 1.8257365902795266 0.0 1.8392542202066011 1.7015896305103366 1.7704219253584688 2
stats: session 7 594.2515714285715 0.5134693918108042 595.97 591.351 593.89325 12
stats: users_count 7 19
stats: finish_users_count 7 19
stats: connect 7 297.63142857142856 0.6022697205791795 298.329 294.913 296.98008333333337 12
stats: request 8 592.099375 0.58339864961705 593.569 589.386 591.4874545454546 11
stats: 302 8 19
stats: page 8 592.099375 0.58339864961705 593.569 589.386 591.4874545454546 11
stats: size_rcv 3464 8227
stats: size_sent 1066 2874
stats: connected -1 0
# stats: dump at 1509526382
stats: users 2 3
stats: {load,"tsung_controller@tsung"} 1 0.21875 0.0 0.37109375 0.21875 0.31640625 3
stats: {freemem,"tsung_controller@tsung"} 1 62088.5078125 0.0 62089.3203125 62088.5078125 62089.236979166664 3
stats: {cpu,"tsung_controller@tsung"} 1 2.2435089488278295 0.0 2.2435089488278295 1.7015896305103366 1.7888601469988215 3
stats: session 5 594.1442 0.531763255594109 595.97 591.351 594.0252631578948 19
stats: users_count 7 26
stats: finish_users_count 5 24
stats: connect 5 297.57280000000003 0.2680435785464762 298.329 294.913 297.220052631579 19
stats: page 4 591.88575 0.5566468247461849 593.569 589.386 591.7451052631579 19
stats: 302 4 23
stats: request 4 591.88575 0.5566468247461849 593.569 589.386 591.7451052631579 19
stats: size_rcv 1732 9959
stats: size_sent 758 3632
stats: connected 1 1
# stats: dump at 1509526392
stats: users 0 3
stats: {load,"tsung_controller@tsung"} 1 0.26953125 0.0 0.37109375 0.21875 0.2919921875 4
stats: {freemem,"tsung_controller@tsung"} 1 62088.97265625 0.0 62089.3203125 62088.5078125 62089.0546875 4
stats: {cpu,"tsung_controller@tsung"} 1 1.9133937562940584 0.0 2.2435089488278295 1.7015896305103366 1.9025223474560735 4
stats: session 6 594.535 0.433021169613373 595.97 591.351 594.0500416666666 24
stats: users_count 4 30
stats: finish_users_count 6 30
stats: connect 6 297.5843333333333 0.3423670869435736 298.329 294.913 297.29354166666667 24
stats: page 7 592.2875714285713 0.3162141485688334 593.569 589.386 591.7695652173913 23
stats: request 7 592.2875714285713 0.3162141485688334 593.569 589.386 591.7695652173913 23
stats: 302 7 30
stats: size_rcv 3031 12990
stats: size_sent 916 4548
stats: connected -1 0
# stats: dump at 1509526393
stats: users 0 3
stats: {load,"tsung_controller@tsung"} 1 0.23046875 0.0 0.37109375 0.21875 0.2875 5
stats: {freemem,"tsung_controller@tsung"} 1 62089.02734375 0.0 62089.3203125 62088.5078125 62089.03828125 5
stats: {cpu,"tsung_controller@tsung"} 1 1.6756961068413758 0.0 2.2435089488278295 1.6756961068413758 1.9046966292236704 5
stats: session 0 0 0 595.97 591.351 594.1470333333333 30
stats: users_count 0 30
stats: finish_users_count 0 30
stats: connect 0 0 0 298.329 294.913 297.3517 30
stats: request 0 0 0 593.569 589.386 591.8904333333334 30
stats: page 0 0 0 593.569 589.386 591.8904333333334 30
stats: 302 0 30
stats: size_rcv 0 12990
stats: size_sent 0 4548
stats: connected 0 0
EndMonitor:{1509,526393,995451}
