# stats: dump at 1509526487
stats: users 1 3
stats: {load,"tsung_controller@tsung"} 1 0.1484375 0 0.1484375 0.1484375 0 0
stats: {freemem,"tsung_controller@tsung"} 1 62090.71484375 0 62090.71484375 62090.71484375 0 0
stats: {cpu,"tsung_controller@tsung"} 1 1.701593663140007 0 1.701593663140007 1.701593663140007 0 0
stats: session 5 593.0404 1.7027566590678884 594.464 589.711 0 0
stats: users_count 6 6
stats: finish_users_count 5 5
stats: request 5 590.2687999999999 1.8687319122870527 592.338 587.854 0 0
stats: connect 5 295.82239999999996 1.416559861071915 297.607 294.039 0 0
stats: page 5 590.2687999999999 1.8687319122870527 592.338 587.854 0 0
stats: 302 5 5
stats: size_rcv 2165 2165
stats: size_sent 750 750
stats: connected 0 0
# stats: dump at 1509526497
stats: users 0 3
stats: {load,"tsung_controller@tsung"} 1 0.2109375 0.0 0.2109375 0.1484375 0.1484375 1
stats: {freemem,"tsung_controller@tsung"} 1 62091.53125 0.0 62091.53125 62090.71484375 62090.71484375 1
stats: {cpu,"tsung_controller@tsung"} 1 1.675907258064516 0.0 1.701593663140007 1.675907258064516 1.701593663140007 1
stats: session 7 594.0152857142856 1.3666545926130538 595.436 589.711 593.0404 5
stats: users_count 6 12
stats: finish_users_count 7 12
stats: request 7 591.9024285714286 1.402480033689589 593.524 587.854 590.2687999999999 5
stats: connect 7 297.21014285714284 1.5355408008322011 298.729 294.036 295.82239999999996 5
stats: page 7 591.9024285714286 1.402480033689589 593.524 587.854 590.2687999999999 5
stats: 302 7 12
stats: size_rcv 3031 5196
stats: size_sent 1058 1808
stats: connected 0 0
# stats: dump at 1509526507
stats: users 0 3
stats: {load,"tsung_controller@tsung"} 1 0.1796875 0.0 0.2109375 0.1484375 0.1796875 2
stats: {freemem,"tsung_controller@tsung"} 1 62092.0390625 0.0 62092.0390625 62090.71484375 62091.123046875 2
stats: {cpu,"tsung_controller@tsung"} 1 2.5085087608723056 0.0 2.5085087608723056 1.675907258064516 1.6887504606022614 2
stats: session 4 594.3515 0.9369003415519006 595.479 589.711 593.6090833333333 12
stats: users_count 4 16
stats: finish_users_count 4 16
stats: request 4 592.1535 0.8463481848506529 593.524 587.854 591.22175 12
stats: page 4 592.1535 0.8463481848506529 593.524 587.854 591.22175 12
stats: connect 4 298.04274999999996 0.38552650687081014 298.729 294.036 296.63191666666665 12
stats: 302 4 16
stats: size_rcv 1732 6928
stats: size_sent 608 2416
stats: connected 0 0
# stats: dump at 1509526517
stats: users 0 3
stats: {load,"tsung_controller@tsung"} 1 0.1484375 0.0 0.2109375 0.1484375 0.1796875 3
stats: {freemem,"tsung_controller@tsung"} 1 62093.37109375 0.0 62093.37109375 62090.71484375 62091.428385416664 3
stats: {cpu,"tsung_controller@tsung"} 1 1.57410905427528 0.0 2.5085087608723056 1.57410905427528 1.9620032273589427 3
stats: session 3 594.3883333333333 0.32419781341367915 595.479 589.711 593.7946875 16
stats: users_count 3 19
stats: finish_users_count 3 19
stats: request 3 592.2933333333334 0.3789286065855442 593.524 587.854 591.4546875 16
stats: page 3 592.2933333333334 0.3789286065855442 593.524 587.854 591.4546875 16
stats: connect 3 297.718 0.20914269450943465 298.729 294.036 296.98462499999994 16
stats: 302 3 19
stats: size_rcv 1299 8227
stats: size_sent 458 2874
stats: connected 0 0
# stats: dump at 1509526527
stats: users 1 3
stats: {load,"tsung_controller@tsung"} 1 0.12890625 0.0 0.2109375 0.12890625 0.171875 4
stats: {freemem,"tsung_controller@tsung"} 1 62093.5625 0.0 62093.5625 62090.71484375 62091.9140625 4
stats: {cpu,"tsung_controller@tsung"} 1 1.8399495904221803 0.0 2.5085087608723056 1.57410905427528 1.8650296840880272 4
stats: session 7 594.3217142857142 1.67443344058183 595.976 589.711 593.8884210526317 19
stats: users_count 8 27
stats: finish_users_count 7 26
stats: request 7 592.162 1.6452705378925303 593.656 587.854 591.5871052631578 19
stats: connect 7 297.56442857142866 1.3136220218642103 298.729 294.036 297.10042105263153 19
stats: page 7 592.162 1.6452705378925303 593.656 587.854 591.5871052631578 19
stats: 302 7 26
stats: size_rcv 3031 11258
stats: size_sent 1058 3932
stats: connected 0 0
# stats: dump at 1509526537
stats: users 0 3
stats: {load,"tsung_controller@tsung"} 1 0.19140625 0.0 0.2109375 0.12890625 0.16328125 5
stats: {freemem,"tsung_controller@tsung"} 1 62093.03125 0.0 62093.5625 62090.71484375 62092.24375 5
stats: {cpu,"tsung_controller@tsung"} 1 1.8646843895678469 0.0 2.5085087608723056 1.57410905427528 1.8600136653548578 5
stats: session 3 593.7139999999999 0.29158303562908044 595.976 589.711 594.005076923077 26
stats: users_count 2 29
stats: finish_users_count 3 29
stats: request 3 591.7123333333334 0.24144748681423026 593.656 587.854 591.7418846153846 26
stats: connect 3 297.64566666666667 0.41375865214180624 298.729 294.036 297.22534615384615 26
stats: page 3 591.7123333333334 0.24144748681423026 593.656 587.854 591.7418846153846 26
stats: 302 3 29
stats: size_rcv 1299 12557
stats: size_sent 458 4390
stats: connected 0 0
# stats: dump at 1509526545
stats: users 0 3
stats: {load,"tsung_controller@tsung"} 1 0.16015625 0.0 0.2109375 0.12890625 0.16796875 6
stats: {freemem,"tsung_controller@tsung"} 1 62092.73828125 0.0 62093.5625 62090.71484375 62092.375 6
stats: {cpu,"tsung_controller@tsung"} 1 1.9388140501070124 0.0 2.5085087608723056 1.57410905427528 1.860792119390356 6
stats: session 1 595.062 0.0 595.976 589.711 593.9749655172415 29
stats: users_count 1 30
stats: finish_users_count 1 30
stats: request 1 593.069 0.0 593.656 587.854 591.7388275862069 29
stats: connect 1 298.32 0.0 298.729 294.036 297.2688275862069 29
stats: page 1 593.069 0.0 593.656 587.854 591.7388275862069 29
stats: 302 1 30
stats: size_rcv 433 12990
stats: size_sent 158 4548
stats: connected 0 0
EndMonitor:{1509,526545,634797}
