
=INFO REPORT==== 1-Nov-2017::08:54:37 ===
    ts_config_server:(5:<0.102.0>) Config server started, logdir is "/root/.tsung/log/20171101-0854"
 
=INFO REPORT==== 1-Nov-2017::08:54:37 ===
              ts_mon:(5:<0.83.0>) starting monitor, global 

=INFO REPORT==== 1-Nov-2017::08:54:37 ===
           ts_config:(5:<0.102.0>) Reading config file: /root/.tsung/tsung-test.xml

=INFO REPORT==== 1-Nov-2017::08:54:37 ===
      ts_config_http:(4:<0.102.0>) Get user agent: 80 "Mozilla/5.0 (X11; U; Linux i686; en-US; rv:1.7.8) Gecko/20050513 Galeon/1.3.21" 

=INFO REPORT==== 1-Nov-2017::08:54:37 ===
      ts_config_http:(4:<0.102.0>) Get user agent: 20 "Mozilla/5.0 (Windows; U; Windows NT 5.2; fr-FR; rv:1.7.8) Gecko/20050511 Firefox/1.0.4" 

=INFO REPORT==== 1-Nov-2017::08:54:37 ===
           ts_config:(5:<0.102.0>) Session name for id 1 is "http-example"

=INFO REPORT==== 1-Nov-2017::08:54:37 ===
    ts_config_server:(4:<0.102.0>) SYSINFO:Tsung version: 1.7.0

=INFO REPORT==== 1-Nov-2017::08:54:37 ===
    ts_config_server:(4:<0.102.0>) SYSINFO:Erlang version: Erlang/OTP 20 [erts-9.1.2] [source] [64-bit] [smp:8:8] [ds:8:8:10] [async-threads:8] [hipe] [kernel-poll:true]


=INFO REPORT==== 1-Nov-2017::08:54:37 ===
    ts_config_server:(4:<0.102.0>) SYSINFO:System architecture x86_64-pc-linux-gnu

=INFO REPORT==== 1-Nov-2017::08:54:37 ===
    ts_config_server:(4:<0.102.0>) SYSINFO:Current path: /usr/local/lib/tsung/tsung-1.7.0/ebin/tsung.beam

=INFO REPORT==== 1-Nov-2017::08:54:37 ===
      ts_os_mon_snmp:(5:<0.120.0>) starting os_mon_snmp with args {"myserver",
                                                                   {161,
                                                                    "public",
                                                                    v2,[]},
                                                                   10000,
                                                                   {global,
                                                                    ts_mon}}
=INFO REPORT==== 1-Nov-2017::08:54:37 ===
              ts_mon:(5:<0.103.0>) Activate clients with text backend

=INFO REPORT==== 1-Nov-2017::08:54:37 ===
              ts_mon:(5:<0.103.0>) Starting tsung clients on hosts: [localhost]

=INFO REPORT==== 1-Nov-2017::08:54:37 ===
    ts_config_server:(5:<0.102.0>) Start a launcher on the controller beam localhost

=INFO REPORT==== 1-Nov-2017::08:54:37 ===
  ts_launcher_static:(5:<0.157.0>) Launch msg receive ("localhost")

=INFO REPORT==== 1-Nov-2017::08:54:37 ===
         ts_launcher:(5:<0.158.0>) Launch msg receive ("localhost")

=INFO REPORT==== 1-Nov-2017::08:54:37 ===
    ts_config_server:(5:<0.102.0>) New arrival phase 1 for client "localhost" (last ? true): will start 30 users

=INFO REPORT==== 1-Nov-2017::08:54:37 ===
         ts_launcher:(5:<0.158.0>) Expected duration of first phase: 60.0 sec (30 users) 

=INFO REPORT==== 1-Nov-2017::08:54:37 ===
         ts_launcher:(5:<0.158.0>) Activate launcher (30 users) in 2938 msec 

=INFO REPORT==== 1-Nov-2017::08:55:40 ===
         ts_launcher:(5:<0.158.0>) This was the last phase, wait for connected users to finish their session

=INFO REPORT==== 1-Nov-2017::08:55:45 ===
     ts_launcher_mgr:(5:<0.152.0>) No more active users tsung_controller@tsung "419"

=INFO REPORT==== 1-Nov-2017::08:55:45 ===
              ts_mon:(5:<0.103.0>) stopping monitor (normal)
