# stats: dump at 1509526253
stats: users 0 2
stats: {load,"tsung_controller@tsung"} 1 0.21875 0 0.21875 0.21875 0 0
stats: {freemem,"tsung_controller@tsung"} 1 62084.71484375 0 62084.71484375 62084.71484375 0 0
stats: {cpu,"tsung_controller@tsung"} 1 1.7015867010579968 0 1.7015867010579968 1.7015867010579968 0 0
stats: session 7 594.4114285714287 1.0794801469944482 596.277 592.413 0 0
stats: users_count 7 7
stats: finish_users_count 7 7
stats: request 6 591.6448333333333 1.4245775299677428 592.968 589.037 0 0
stats: connect 7 297.15328571428574 1.1152005219159489 298.439 295.344 0 0
stats: page 6 591.6448333333333 1.4245775299677428 592.968 589.037 0 0
stats: 302 6 6
stats: size_rcv 2598 2598
stats: size_sent 1050 1050
stats: connected 1 1
# stats: dump at 1509526263
stats: users 0 2
stats: {load,"tsung_controller@tsung"} 1 0.19140625 0.0 0.21875 0.19140625 0.21875 1
stats: {freemem,"tsung_controller@tsung"} 1 62086.69921875 0.0 62086.69921875 62084.71484375 62084.71484375 1
stats: {cpu,"tsung_controller@tsung"} 1 2.3179642227261277 0.0 2.3179642227261277 1.7015867010579968 1.7015867010579968 1
stats: session 3 594.3696666666666 0.5383835889854734 596.277 592.413 594.4114285714287 7
stats: users_count 3 10
stats: finish_users_count 3 10
stats: request 4 592.24825 0.5130591462005005 593.131 589.037 591.6448333333333 6
stats: connect 3 297.3933333333333 0.6251977464948328 298.439 295.344 297.15328571428574 7
stats: page 4 592.24825 0.5130591462005005 593.131 589.037 591.6448333333333 6
stats: 302 4 10
stats: size_rcv 1732 4330
stats: size_sent 450 1500
stats: connected -1 0
# stats: dump at 1509526273
stats: users 1 2
stats: {load,"tsung_controller@tsung"} 1 0.16015625 0.0 0.21875 0.16015625 0.205078125 2
stats: {freemem,"tsung_controller@tsung"} 1 62086.54296875 0.0 62086.69921875 62084.71484375 62085.70703125 2
stats: {cpu,"tsung_controller@tsung"} 1 1.6624685138539042 0.0 2.3179642227261277 1.6624685138539042 2.0097754618920622 2
stats: session 8 594.7355 0.7419780994072427 596.277 592.413 594.3989000000001 10
stats: users_count 9 19
stats: finish_users_count 8 18
stats: request 7 592.6101428571428 0.7927812576297643 593.748 589.037 591.8861999999999 10
stats: connect 8 298.118 0.5944535305640181 299.081 295.344 297.2253 10
stats: page 7 592.6101428571428 0.7927812576297643 593.748 589.037 591.8861999999999 10
stats: 302 7 17
stats: size_rcv 3031 7361
stats: size_sent 1216 2716
stats: connected 1 1
# stats: dump at 1509526283
stats: users 0 2
stats: {load,"tsung_controller@tsung"} 1 0.12890625 0.0 0.21875 0.12890625 0.19010416666666666 3
stats: {freemem,"tsung_controller@tsung"} 1 62089.36328125 0.0 62089.36328125 62084.71484375 62085.985677083336 3
stats: {cpu,"tsung_controller@tsung"} 1 1.7263104838709675 0.0 2.3179642227261277 1.6624685138539042 1.894006479212676 3
stats: session 5 591.4372 2.547027867927641 596.277 587.758 594.5485000000001 18
stats: users_count 4 23
stats: finish_users_count 5 23
stats: request 6 590.0141666666667 2.7428838483529545 593.748 585.745 592.1842941176469 17
stats: connect 5 295.571 2.540489952745336 299.081 291.658 297.62205555555556 18
stats: page 6 590.0141666666667 2.7428838483529545 593.748 585.745 592.1842941176469 17
stats: 302 6 23
stats: size_rcv 2598 9959
stats: size_sent 758 3474
stats: connected -1 0
# stats: dump at 1509526293
stats: users 0 4
stats: {load,"tsung_controller@tsung"} 1 0.3515625 0.0 0.3515625 0.12890625 0.1748046875 4
stats: {freemem,"tsung_controller@tsung"} 1 62089.625 0.0 62089.625 62084.71484375 62086.830078125 4
stats: {cpu,"tsung_controller@tsung"} 1 1.6517463119404867 0.0 2.3179642227261277 1.6517463119404867 1.8520824803772489 4
stats: session 7 593.7015714285715 0.7033007601187883 596.277 587.758 593.8721304347827 23
stats: users_count 7 30
stats: finish_users_count 7 30
stats: request 7 591.7587142857143 0.7443397293259889 593.748 585.745 591.6181739130434 23
stats: connect 7 297.39199999999994 0.452402475678452 299.081 291.658 297.17617391304344 23
stats: page 7 591.7587142857143 0.7443397293259889 593.748 585.745 591.6181739130434 23
stats: 302 7 30
stats: size_rcv 3031 12990
stats: size_sent 1074 4548
stats: connected 0 0
# stats: dump at 1509526295
stats: users 0 4
stats: {load,"tsung_controller@tsung"} 1 0.30078125 0.0 0.3515625 0.12890625 0.21015625 5
stats: {freemem,"tsung_controller@tsung"} 1 62090.234375 0.0 62090.234375 62084.71484375 62087.3890625 5
stats: {cpu,"tsung_controller@tsung"} 1 1.4255077582944369 0.0 2.3179642227261277 1.4255077582944369 1.8120152466898964 5
stats: session 0 0 0 596.277 587.758 593.8323333333334 30
stats: users_count 0 30
stats: finish_users_count 0 30
stats: request 0 0 0 593.748 585.745 591.6509666666665 30
stats: connect 0 0 0 299.081 291.658 297.2265333333333 30
stats: page 0 0 0 593.748 585.745 591.6509666666665 30
stats: 302 0 30
stats: size_rcv 0 12990
stats: size_sent 0 4548
stats: connected 0 0
EndMonitor:{1509,526296,2306}
